<?xml version="1.0" encoding="UTF-8"?>
<testsuite xmlns:xsi="http://www.w3.org/2001/XMLSchema-instance" xsi:noNamespaceSchemaLocation="https://maven.apache.org/surefire/maven-surefire-plugin/xsd/surefire-test-report-3.0.xsd" version="3.0" name="BackPackTest" time="0.312" tests="15" errors="0" skipped="0" failures="0">
  <properties>
    <property name="sun.desktop" value="windows"/>
    <property name="awt.toolkit" value="sun.awt.windows.WToolkit"/>
    <property name="file.encoding.pkg" value="sun.io"/>
    <property name="java.specification.version" value="1.8"/>
    <property name="sun.cpu.isalist" value="amd64"/>
    <property name="sun.jnu.encoding" value="GBK"/>
    <property name="java.class.path" value="C:\Users\86183\IdeaProjects\lab3\target\test-classes;C:\Users\86183\IdeaProjects\lab3\target\generated-classes\cobertura;C:\Users\86183\.m2\repository\junit\junit\4.13.2\junit-4.13.2.jar;C:\Users\86183\.m2\repository\org\hamcrest\hamcrest-core\1.3\hamcrest-core-1.3.jar;C:\Users\86183\.m2\repository\net\sourceforge\cobertura\cobertura\2.1.1\cobertura-2.1.1.jar;C:\Users\86183\.m2\repository\jaxen\jaxen\1.1.4\jaxen-1.1.4.jar;C:\Users\86183\.m2\repository\org\apache\ant\ant\1.8.3\ant-1.8.3.jar;C:\Users\86183\.m2\repository\org\apache\ant\ant-launcher\1.8.3\ant-launcher-1.8.3.jar;C:\Users\86183\.m2\repository\org\apache\ant\ant-junit\1.8.3\ant-junit-1.8.3.jar;C:\Users\86183\.m2\repository\org\mortbay\jetty\servlet-api-2.5\6.1.14\servlet-api-2.5-6.1.14.jar;C:\Users\86183\.m2\repository\org\mortbay\jetty\jetty\6.1.14\jetty-6.1.14.jar;C:\Users\86183\.m2\repository\org\mortbay\jetty\jetty-util\6.1.14\jetty-util-6.1.14.jar;C:\Java_jdk\jdk1.8.0_152\jre\..\lib\tools.jar;C:\Users\86183\.m2\repository\org\slf4j\slf4j-api\1.7.5\slf4j-api-1.7.5.jar;C:\Users\86183\.m2\repository\ch\qos\logback\logback-classic\1.0.13\logback-classic-1.0.13.jar;C:\Users\86183\.m2\repository\ch\qos\logback\logback-core\1.0.13\logback-core-1.0.13.jar;C:\Users\86183\.m2\repository\org\apache\commons\commons-lang3\3.3.2\commons-lang3-3.3.2.jar;"/>
    <property name="java.vm.vendor" value="Oracle Corporation"/>
    <property name="sun.arch.data.model" value="64"/>
    <property name="user.variant" value=""/>
    <property name="java.vendor.url" value="http://java.oracle.com/"/>
    <property name="user.timezone" value="Asia/Shanghai"/>
    <property name="java.vm.specification.version" value="1.8"/>
    <property name="os.name" value="Windows 10"/>
    <property name="user.country" value="CN"/>
    <property name="sun.java.launcher" value="SUN_STANDARD"/>
    <property name="sun.boot.library.path" value="C:\Java_jdk\jdk1.8.0_152\jre\bin"/>
    <property name="sun.java.command" value="C:\Users\86183\AppData\Local\Temp\surefire4183460665720247890\surefirebooter-20240331214157310_3.jar C:\Users\86183\AppData\Local\Temp\surefire4183460665720247890 2024-03-31T21-41-57_108-jvmRun1 surefire-20240331214157310_1tmp surefire_0-20240331214157310_2tmp"/>
    <property name="surefire.test.class.path" value="C:\Users\86183\IdeaProjects\lab3\target\test-classes;C:\Users\86183\IdeaProjects\lab3\target\generated-classes\cobertura;C:\Users\86183\.m2\repository\junit\junit\4.13.2\junit-4.13.2.jar;C:\Users\86183\.m2\repository\org\hamcrest\hamcrest-core\1.3\hamcrest-core-1.3.jar;C:\Users\86183\.m2\repository\net\sourceforge\cobertura\cobertura\2.1.1\cobertura-2.1.1.jar;C:\Users\86183\.m2\repository\jaxen\jaxen\1.1.4\jaxen-1.1.4.jar;C:\Users\86183\.m2\repository\org\apache\ant\ant\1.8.3\ant-1.8.3.jar;C:\Users\86183\.m2\repository\org\apache\ant\ant-launcher\1.8.3\ant-launcher-1.8.3.jar;C:\Users\86183\.m2\repository\org\apache\ant\ant-junit\1.8.3\ant-junit-1.8.3.jar;C:\Users\86183\.m2\repository\org\mortbay\jetty\servlet-api-2.5\6.1.14\servlet-api-2.5-6.1.14.jar;C:\Users\86183\.m2\repository\org\mortbay\jetty\jetty\6.1.14\jetty-6.1.14.jar;C:\Users\86183\.m2\repository\org\mortbay\jetty\jetty-util\6.1.14\jetty-util-6.1.14.jar;C:\Java_jdk\jdk1.8.0_152\jre\..\lib\tools.jar;C:\Users\86183\.m2\repository\org\slf4j\slf4j-api\1.7.5\slf4j-api-1.7.5.jar;C:\Users\86183\.m2\repository\ch\qos\logback\logback-classic\1.0.13\logback-classic-1.0.13.jar;C:\Users\86183\.m2\repository\ch\qos\logback\logback-core\1.0.13\logback-core-1.0.13.jar;C:\Users\86183\.m2\repository\org\apache\commons\commons-lang3\3.3.2\commons-lang3-3.3.2.jar;"/>
    <property name="sun.cpu.endian" value="little"/>
    <property name="user.home" value="C:\Users\86183"/>
    <property name="user.language" value="zh"/>
    <property name="java.specification.vendor" value="Oracle Corporation"/>
    <property name="java.home" value="C:\Java_jdk\jdk1.8.0_152\jre"/>
    <property name="basedir" value="C:\Users\86183\IdeaProjects\lab3"/>
    <property name="file.separator" value="\"/>
    <property name="line.separator" value="&#10;"/>
    <property name="java.vm.specification.vendor" value="Oracle Corporation"/>
    <property name="java.specification.name" value="Java Platform API Specification"/>
    <property name="java.awt.graphicsenv" value="sun.awt.Win32GraphicsEnvironment"/>
    <property name="surefire.real.class.path" value="C:\Users\86183\AppData\Local\Temp\surefire4183460665720247890\surefirebooter-20240331214157310_3.jar"/>
    <property name="sun.boot.class.path" value="C:\Java_jdk\jdk1.8.0_152\jre\lib\resources.jar;C:\Java_jdk\jdk1.8.0_152\jre\lib\rt.jar;C:\Java_jdk\jdk1.8.0_152\jre\lib\sunrsasign.jar;C:\Java_jdk\jdk1.8.0_152\jre\lib\jsse.jar;C:\Java_jdk\jdk1.8.0_152\jre\lib\jce.jar;C:\Java_jdk\jdk1.8.0_152\jre\lib\charsets.jar;C:\Java_jdk\jdk1.8.0_152\jre\lib\jfr.jar;C:\Java_jdk\jdk1.8.0_152\jre\classes"/>
    <property name="user.script" value=""/>
    <property name="sun.management.compiler" value="HotSpot 64-Bit Tiered Compilers"/>
    <property name="java.runtime.version" value="1.8.0_152-b16"/>
    <property name="user.name" value="86183"/>
    <property name="path.separator" value=";"/>
    <property name="os.version" value="10.0"/>
    <property name="java.endorsed.dirs" value="C:\Java_jdk\jdk1.8.0_152\jre\lib\endorsed"/>
    <property name="java.runtime.name" value="Java(TM) SE Runtime Environment"/>
    <property name="file.encoding" value="GBK"/>
    <property name="java.vm.name" value="Java HotSpot(TM) 64-Bit Server VM"/>
    <property name="localRepository" value="C:\Users\86183\.m2\repository"/>
    <property name="java.vendor.url.bug" value="http://bugreport.sun.com/bugreport/"/>
    <property name="java.io.tmpdir" value="C:\Users\86183\AppData\Local\Temp\"/>
    <property name="idea.version" value="2023.3.5"/>
    <property name="java.version" value="1.8.0_152"/>
    <property name="user.dir" value="C:\Users\86183\IdeaProjects\lab3"/>
    <property name="os.arch" value="amd64"/>
    <property name="java.vm.specification.name" value="Java Virtual Machine Specification"/>
    <property name="java.awt.printerjob" value="sun.awt.windows.WPrinterJob"/>
    <property name="sun.os.patch.level" value=""/>
    <property name="java.library.path" value="C:\Java_jdk\jdk1.8.0_152\jre\bin;C:\Windows\Sun\Java\bin;C:\Windows\system32;C:\Windows;C:\Java_jdk\jdk1.8.0_152\bin;C:\Java_jdk\jdk1.8.0_152\jre\bin;C:\ProgramData\Oracle\Java\javapath;C:\Program Files (x86)\VMware\VMware Workstation\bin\;C:\Windows\system32;C:\Windows;C:\Windows\System32\Wbem;C:\Windows\System32\WindowsPowerShell\v1.0\;C:\Windows\System32\OpenSSH\;C:\Program Files (x86)\NVIDIA Corporation\PhysX\Common;C:\Program Files\NVIDIA Corporation\NVIDIA NvDLISR;C:\TDM-GCC-64\bin;d:\Program Files\Polyspace\R2021a\runtime\win64;d:\Program Files\Polyspace\R2021a\bin;d:\Program Files\Polyspace\R2021a\polyspace\bin;D:\apache-maven-3.6.1\bin;C:\Program Files\nodejs;D:\Anaconda\condabin;C:\Users\86183\AppData\Roaming\npm\node_modules;D:\Erlang OTP\bin;D:\Mujava\mujava.jar;D:\Mujava\openjava.jar;C:\Program Files\MySQL\MySQL Shell 8.0\bin\;C:\Users\86183\AppData\Local\Microsoft\WindowsApps;C:\Users\86183\AppData\Local\Programs\Microsoft VS Code\bin;C:\Program Files (x86)\CodeBlocks\MinGW\bin;C:\Users\86183\AppData\Roaming\npm;D:\JetBrains\PyCharm Community Edition 2023.2.2\bin;;D:\JetBrains\IntelliJ IDEA 2023.3.5\bin;;."/>
    <property name="java.vm.info" value="mixed mode"/>
    <property name="java.vendor" value="Oracle Corporation"/>
    <property name="java.vm.version" value="25.152-b16"/>
    <property name="java.ext.dirs" value="C:\Java_jdk\jdk1.8.0_152\jre\lib\ext;C:\Windows\Sun\Java\lib\ext"/>
    <property name="sun.io.unicode.encoding" value="UnicodeLittle"/>
    <property name="java.class.version" value="52.0"/>
  </properties>
  <testcase name="testErrorLength" classname="BackPackTest" time="0.152"/>
  <testcase name="testZeroValues" classname="BackPackTest" time="0.0"/>
  <testcase name="testZeroWeight" classname="BackPackTest" time="0.0"/>
  <testcase name="testBoundaryWeightAndValue" classname="BackPackTest" time="0.092"/>
  <testcase name="testExceedCapacity" classname="BackPackTest" time="0.0"/>
  <testcase name="testFullCapacity" classname="BackPackTest" time="0.001"/>
  <testcase name="testEmptyArrays" classname="BackPackTest" time="0.001"/>
  <testcase name="testNegativeCapacity" classname="BackPackTest" time="0.0"/>
  <testcase name="testUnsortedArray" classname="BackPackTest" time="0.001"/>
  <testcase name="testNegativeWeights" classname="BackPackTest" time="0.001"/>
  <testcase name="testNegativeValues" classname="BackPackTest" time="0.0"/>
  <testcase name="testLargeData1" classname="BackPackTest" time="0.014"/>
  <testcase name="testLargeData2" classname="BackPackTest" time="0.001"/>
  <testcase name="testEqualWeightsAndValues" classname="BackPackTest" time="0.0"/>
  <testcase name="testSingleItem1" classname="BackPackTest" time="0.001"/>
</testsuite>